<?xml version="1.0" encoding="UTF-8"?>
<!-- Generated by org.testng.reporters.JUnitReportReporter -->
<testsuite hostname="Mohammads-MacBook-Air.local" failures="0" tests="1" name="page_objects_test.HomePageTest" time="7.107" errors="0" timestamp="13 May 2020 21:17:56 GMT" skipped="0">
  <testcase classname="page_objects_test.HomePageTest" name="searchTest" time="7.107"/>
</testsuite> <!-- page_objects_test.HomePageTest -->
