<?xml version="1.0" encoding="UTF-8"?>
<!-- Generated by org.testng.reporters.JUnitReportReporter -->
<testsuite hostname="Mohammads-MacBook-Air.local" failures="0" tests="1" name="page_objects_test.HomePageTest" time="5.708" errors="0" timestamp="10 May 2020 04:37:51 GMT" skipped="0">
  <testcase classname="page_objects_test.HomePageTest" name="searchTest" time="5.708"/>
</testsuite> <!-- page_objects_test.HomePageTest -->
